2022-08-28T12:14:27.138Z - error: Error when processing render request 1 Could not find expected browser (chrome) locally. Run `npm install` to download the correct Chromium revision (950341). Error: Could not find expected browser (chrome) locally. Run `npm install` to download the correct Chromium revision (950341).
    at ChromeLauncher.launch (/Users/bchahrazed/backend-erp-acsiome/node_modules/puppeteer/lib/cjs/puppeteer/node/Launcher.js:109:27)
    at async createBrowser (/Users/bchahrazed/backend-erp-acsiome/node_modules/@jsreport/jsreport-chrome-pdf/lib/chromePoolStrategy.js:98:26)
    at async allocateBrowser (/Users/bchahrazed/backend-erp-acsiome/node_modules/@jsreport/jsreport-chrome-pdf/lib/chromePoolStrategy.js:113:5)
    at async getBrowser (/Users/bchahrazed/backend-erp-acsiome/node_modules/@jsreport/jsreport-chrome-pdf/lib/chromePoolStrategy.js:23:30)
    at async module.exports (/Users/bchahrazed/backend-erp-acsiome/node_modules/@jsreport/jsreport-chrome-pdf/lib/conversion.js:11:19)
    at async execute (/Users/bchahrazed/backend-erp-acsiome/node_modules/@jsreport/jsreport-chrome-pdf/lib/chromePoolStrategy.js:20:22)
    at async /Users/bchahrazed/backend-erp-acsiome/node_modules/@jsreport/jsreport-chrome-pdf/lib/lazyRecipe.js:62:20
    at async invokeRender (/Users/bchahrazed/backend-erp-acsiome/node_modules/@jsreport/jsreport-core/lib/worker/render/render.js:95:5)
    at async WorkerReporter._render (/Users/bchahrazed/backend-erp-acsiome/node_modules/@jsreport/jsreport-core/lib/worker/render/render.js:147:7)
    at async /Users/bchahrazed/backend-erp-acsiome/node_modules/@jsreport/jsreport-core/lib/worker/reporter.js:179:19 rootId=7hf9c93fs2l4ew9, id=7hf9c93fs2l4ew9, fromEmitProfile=true
2022-08-28T12:14:27.140Z - error: Rendering request 1 finished with error in 3941 ms rootId=7hf9c93fs2l4ew9, id=7hf9c93fs2l4ew9, fromEmitProfile=true
2022-08-28T12:20:07.343Z - error: Error when processing render request 1 Could not find expected browser (chrome) locally. Run `npm install` to download the correct Chromium revision (950341). Error: Could not find expected browser (chrome) locally. Run `npm install` to download the correct Chromium revision (950341).
    at ChromeLauncher.launch (/Users/bchahrazed/backend-erp-acsiome/node_modules/puppeteer/lib/cjs/puppeteer/node/Launcher.js:109:27)
    at async createBrowser (/Users/bchahrazed/backend-erp-acsiome/node_modules/@jsreport/jsreport-chrome-pdf/lib/chromePoolStrategy.js:98:26)
    at async allocateBrowser (/Users/bchahrazed/backend-erp-acsiome/node_modules/@jsreport/jsreport-chrome-pdf/lib/chromePoolStrategy.js:113:5)
    at async getBrowser (/Users/bchahrazed/backend-erp-acsiome/node_modules/@jsreport/jsreport-chrome-pdf/lib/chromePoolStrategy.js:23:30)
    at async module.exports (/Users/bchahrazed/backend-erp-acsiome/node_modules/@jsreport/jsreport-chrome-pdf/lib/conversion.js:11:19)
    at async execute (/Users/bchahrazed/backend-erp-acsiome/node_modules/@jsreport/jsreport-chrome-pdf/lib/chromePoolStrategy.js:20:22)
    at async /Users/bchahrazed/backend-erp-acsiome/node_modules/@jsreport/jsreport-chrome-pdf/lib/lazyRecipe.js:62:20
    at async invokeRender (/Users/bchahrazed/backend-erp-acsiome/node_modules/@jsreport/jsreport-core/lib/worker/render/render.js:95:5)
    at async WorkerReporter._render (/Users/bchahrazed/backend-erp-acsiome/node_modules/@jsreport/jsreport-core/lib/worker/render/render.js:147:7)
    at async /Users/bchahrazed/backend-erp-acsiome/node_modules/@jsreport/jsreport-core/lib/worker/reporter.js:179:19 rootId=uc48upwf9qkzpfg, id=uc48upwf9qkzpfg, fromEmitProfile=true
2022-08-28T12:20:07.349Z - error: Rendering request 1 finished with error in 1956 ms rootId=uc48upwf9qkzpfg, id=uc48upwf9qkzpfg, fromEmitProfile=true
2022-08-28T12:26:39.718Z - error: Error when processing render request 1 Could not find expected browser (chrome) locally. Run `npm install` to download the correct Chromium revision (950341). Error: Could not find expected browser (chrome) locally. Run `npm install` to download the correct Chromium revision (950341).
    at ChromeLauncher.launch (/Users/bchahrazed/backend-erp-acsiome/node_modules/puppeteer/lib/cjs/puppeteer/node/Launcher.js:109:27)
    at async createBrowser (/Users/bchahrazed/backend-erp-acsiome/node_modules/@jsreport/jsreport-chrome-pdf/lib/chromePoolStrategy.js:98:26)
    at async allocateBrowser (/Users/bchahrazed/backend-erp-acsiome/node_modules/@jsreport/jsreport-chrome-pdf/lib/chromePoolStrategy.js:113:5)
    at async getBrowser (/Users/bchahrazed/backend-erp-acsiome/node_modules/@jsreport/jsreport-chrome-pdf/lib/chromePoolStrategy.js:23:30)
    at async module.exports (/Users/bchahrazed/backend-erp-acsiome/node_modules/@jsreport/jsreport-chrome-pdf/lib/conversion.js:11:19)
    at async execute (/Users/bchahrazed/backend-erp-acsiome/node_modules/@jsreport/jsreport-chrome-pdf/lib/chromePoolStrategy.js:20:22)
    at async /Users/bchahrazed/backend-erp-acsiome/node_modules/@jsreport/jsreport-chrome-pdf/lib/lazyRecipe.js:62:20
    at async invokeRender (/Users/bchahrazed/backend-erp-acsiome/node_modules/@jsreport/jsreport-core/lib/worker/render/render.js:95:5)
    at async WorkerReporter._render (/Users/bchahrazed/backend-erp-acsiome/node_modules/@jsreport/jsreport-core/lib/worker/render/render.js:147:7)
    at async /Users/bchahrazed/backend-erp-acsiome/node_modules/@jsreport/jsreport-core/lib/worker/reporter.js:179:19 rootId=4gip6wqhjqgxy9i, id=4gip6wqhjqgxy9i, fromEmitProfile=true
2022-08-28T12:26:39.730Z - error: Rendering request 1 finished with error in 1699 ms rootId=4gip6wqhjqgxy9i, id=4gip6wqhjqgxy9i, fromEmitProfile=true
