{"type":"operationStart","subtype":"profile","data":{"_id":"GAzoRe4Izu36o3rf","timestamp":"2025-01-20T19:51:44.029Z","state":"queued","mode":"standard","creationDate":"2025-01-20T19:51:44.036Z","modificationDate":"2025-01-20T19:51:44.036Z","shortid":"RiiJEcw","$entitySet":"profiles"},"doDiffs":false,"timestamp":1737402704031,"id":"j2gx0o0y6gucsi2","previousOperationId":null,"operationId":"p8j8p7e4gqels2o"}
{"type":"log","level":"info","message":"Render request 1 queued for execution and waiting for available worker","previousOperationId":"p8j8p7e4gqels2o","timestamp":1737402704032,"id":"1cr7zx96wqu1tub"}
{"type":"operationStart","subtype":"render","name":"anonymous","previousOperationId":"p8j8p7e4gqels2o","timestamp":1737402704065,"id":"hgjbtzx29nxhku6","previousEventId":"j2gx0o0y6gucsi2","operationId":"zq3gbzad121mba9"}
{"type":"log","timestamp":1737402704067,"level":"info","message":"Starting rendering request 1","meta":{"rootId":"g8400jay0h9e42u","id":"g8400jay0h9e42u"},"id":"1sw2nrbbmfqo006","previousOperationId":"zq3gbzad121mba9"}
{"type":"log","timestamp":1737402704072,"level":"info","message":"Rendering anonymous template { recipe: chrome-pdf, engine: handlebars }","meta":{"rootId":"g8400jay0h9e42u","id":"g8400jay0h9e42u"},"id":"nuayzdns13y7uaz","previousOperationId":"zq3gbzad121mba9"}
{"type":"log","timestamp":1737402704073,"level":"debug","message":"Inline data specified.","meta":{"rootId":"g8400jay0h9e42u","id":"g8400jay0h9e42u"},"id":"rnzh80c130uwwcc","previousOperationId":"zq3gbzad121mba9"}
{"type":"log","timestamp":1737402704079,"level":"debug","message":"Base url not specified, skipping its injection.","meta":{"rootId":"g8400jay0h9e42u","id":"g8400jay0h9e42u"},"id":"r3ikmwi563m70mw","previousOperationId":"zq3gbzad121mba9"}
{"type":"operationStart","subtype":"engine","name":"handlebars","timestamp":1737402704082,"id":"bo1xh5ab1odf299","previousEventId":"hgjbtzx29nxhku6","operationId":"yj90sxjnrpiar4r","previousOperationId":"zq3gbzad121mba9"}
{"type":"log","timestamp":1737402704082,"level":"debug","message":"Rendering engine handlebars","meta":{"rootId":"g8400jay0h9e42u","id":"g8400jay0h9e42u"},"id":"09p0orax7pqm43d","previousOperationId":"yj90sxjnrpiar4r"}
{"type":"operationEnd","operationId":"yj90sxjnrpiar4r","timestamp":1737402705661,"id":"zxi1pz3km1z5s5e","previousEventId":"bo1xh5ab1odf299","previousOperationId":"yj90sxjnrpiar4r"}
{"type":"operationStart","subtype":"recipe","name":"chrome-pdf","timestamp":1737402705662,"id":"ze3xc97838hdhxo","previousEventId":"zxi1pz3km1z5s5e","operationId":"c6z8blzr3zaxj57","previousOperationId":"yj90sxjnrpiar4r"}
{"type":"log","timestamp":1737402705662,"level":"debug","message":"Executing recipe chrome-pdf","meta":{"rootId":"g8400jay0h9e42u","id":"g8400jay0h9e42u"},"id":"z0d1an01r7s34mm","previousOperationId":"c6z8blzr3zaxj57"}
{"type":"log","timestamp":1737402706311,"level":"debug","message":"Starting child request to render pdf header","meta":{"rootId":"g8400jay0h9e42u","id":"g8400jay0h9e42u"},"id":"33nysmcmn3bk3w3","previousOperationId":"c6z8blzr3zaxj57"}
{"type":"operationStart","subtype":"render","name":"anonymous","previousOperationId":"c6z8blzr3zaxj57","timestamp":1737402706313,"id":"mxp0c2jkiw8glrs","previousEventId":"ze3xc97838hdhxo","operationId":"ym8bmgzkhrqfg5w"}
{"type":"log","timestamp":1737402706313,"level":"info","message":"Starting rendering (child) request","meta":{"rootId":"g8400jay0h9e42u","id":"jcn5z4p2nxayhc2"},"id":"30vudufeasiybeq","previousOperationId":"ym8bmgzkhrqfg5w"}
{"type":"log","timestamp":1737402706313,"level":"info","message":"Rendering anonymous template { recipe: html, engine: handlebars }","meta":{"rootId":"g8400jay0h9e42u","id":"jcn5z4p2nxayhc2"},"id":"23jx0h56ce4i18t","previousOperationId":"ym8bmgzkhrqfg5w"}
{"type":"log","timestamp":1737402706314,"level":"debug","message":"Inline data specified.","meta":{"rootId":"g8400jay0h9e42u","id":"jcn5z4p2nxayhc2"},"id":"siu5sqd7glvtora","previousOperationId":"ym8bmgzkhrqfg5w"}
{"type":"log","timestamp":1737402706318,"level":"debug","message":"Base url not specified, skipping its injection.","meta":{"rootId":"g8400jay0h9e42u","id":"jcn5z4p2nxayhc2"},"id":"icpo850qewua2l8","previousOperationId":"ym8bmgzkhrqfg5w"}
{"type":"log","timestamp":1737402706336,"level":"debug","message":"Replaced assets [\"./src/reporting/assets/logo.png\"]","meta":{"rootId":"g8400jay0h9e42u","id":"jcn5z4p2nxayhc2"},"id":"b5eehjkroe4bqp7","previousOperationId":"ym8bmgzkhrqfg5w"}
{"type":"operationStart","subtype":"engine","name":"handlebars","timestamp":1737402706336,"id":"35ea4ka42u05889","previousEventId":"mxp0c2jkiw8glrs","operationId":"eeonak038if3d18","previousOperationId":"ym8bmgzkhrqfg5w"}
{"type":"log","timestamp":1737402706336,"level":"debug","message":"Rendering engine handlebars","meta":{"rootId":"g8400jay0h9e42u","id":"jcn5z4p2nxayhc2"},"id":"uit7fgod62o30is","previousOperationId":"eeonak038if3d18"}
{"type":"operationEnd","operationId":"eeonak038if3d18","timestamp":1737402706361,"id":"vqmqn31weywyu3w","previousEventId":"35ea4ka42u05889","previousOperationId":"eeonak038if3d18"}
{"type":"operationStart","subtype":"recipe","name":"html","timestamp":1737402706362,"id":"e256wmopu6m2q7y","previousEventId":"vqmqn31weywyu3w","operationId":"nxihd6p535gdsnx","previousOperationId":"eeonak038if3d18"}
{"type":"log","timestamp":1737402706362,"level":"debug","message":"Executing recipe html","meta":{"rootId":"g8400jay0h9e42u","id":"jcn5z4p2nxayhc2"},"id":"s5ze1kuesvn4bc0","previousOperationId":"nxihd6p535gdsnx"}
{"type":"operationEnd","operationId":"nxihd6p535gdsnx","timestamp":1737402706362,"id":"1jxl59mofzuira6","previousEventId":"e256wmopu6m2q7y","previousOperationId":"nxihd6p535gdsnx"}
{"type":"log","timestamp":1737402706363,"level":"debug","message":"Skipping storing report.","meta":{"rootId":"g8400jay0h9e42u","id":"jcn5z4p2nxayhc2"},"id":"ssph1l6ol2j8q1r","previousOperationId":"nxihd6p535gdsnx"}
{"type":"log","timestamp":1737402706363,"level":"info","message":"Rendering (child) request finished in 2336 ms","meta":{"rootId":"g8400jay0h9e42u","id":"jcn5z4p2nxayhc2"},"id":"jvsnnkn0cd9zm0n","previousOperationId":"nxihd6p535gdsnx"}
{"type":"operationEnd","subtype":"render","operationId":"ym8bmgzkhrqfg5w","timestamp":1737402706364,"id":"fw8kbjp6emfuk5a","previousEventId":"1jxl59mofzuira6","previousOperationId":"nxihd6p535gdsnx"}
{"type":"log","timestamp":1737402706364,"level":"debug","message":"Starting child request to render pdf footer","meta":{"rootId":"g8400jay0h9e42u","id":"g8400jay0h9e42u"},"id":"x6j5qnmanip31r4","previousOperationId":"c6z8blzr3zaxj57"}
{"type":"operationStart","subtype":"render","name":"anonymous","previousOperationId":"c6z8blzr3zaxj57","timestamp":1737402706364,"id":"xftjqw04w07vguf","previousEventId":"ze3xc97838hdhxo","operationId":"sccmkjww8316mcs"}
{"type":"log","timestamp":1737402706365,"level":"info","message":"Starting rendering (child) request","meta":{"rootId":"g8400jay0h9e42u","id":"dnckzv7125w5onx"},"id":"213jrl3y50pr55t","previousOperationId":"sccmkjww8316mcs"}
{"type":"log","timestamp":1737402706365,"level":"info","message":"Rendering anonymous template { recipe: html, engine: handlebars }","meta":{"rootId":"g8400jay0h9e42u","id":"dnckzv7125w5onx"},"id":"qa1vqfvyw5t82s2","previousOperationId":"sccmkjww8316mcs"}
{"type":"log","timestamp":1737402706365,"level":"debug","message":"Inline data specified.","meta":{"rootId":"g8400jay0h9e42u","id":"dnckzv7125w5onx"},"id":"st9pr978vc6hvty","previousOperationId":"sccmkjww8316mcs"}
{"type":"log","timestamp":1737402706368,"level":"debug","message":"Base url not specified, skipping its injection.","meta":{"rootId":"g8400jay0h9e42u","id":"dnckzv7125w5onx"},"id":"izd1zfsrtyw8wxn","previousOperationId":"sccmkjww8316mcs"}
{"type":"operationStart","subtype":"engine","name":"handlebars","timestamp":1737402706368,"id":"33qgnl69lp8pbqd","previousEventId":"xftjqw04w07vguf","operationId":"2jr8if3lv2cwnsd","previousOperationId":"sccmkjww8316mcs"}
{"type":"log","timestamp":1737402706368,"level":"debug","message":"Rendering engine handlebars","meta":{"rootId":"g8400jay0h9e42u","id":"dnckzv7125w5onx"},"id":"9owgw2488y20lh1","previousOperationId":"2jr8if3lv2cwnsd"}
{"type":"operationEnd","operationId":"2jr8if3lv2cwnsd","timestamp":1737402706417,"id":"4pmebi3xiffbjmg","previousEventId":"33qgnl69lp8pbqd","previousOperationId":"2jr8if3lv2cwnsd"}
{"type":"operationStart","subtype":"recipe","name":"html","timestamp":1737402706418,"id":"kvfbmzsq67k60m1","previousEventId":"4pmebi3xiffbjmg","operationId":"jccx6kpnwbphjjd","previousOperationId":"2jr8if3lv2cwnsd"}
{"type":"log","timestamp":1737402706418,"level":"debug","message":"Executing recipe html","meta":{"rootId":"g8400jay0h9e42u","id":"dnckzv7125w5onx"},"id":"k8865kh2kgiqdib","previousOperationId":"jccx6kpnwbphjjd"}
{"type":"operationEnd","operationId":"jccx6kpnwbphjjd","timestamp":1737402706418,"id":"mng4y2z9k34kukn","previousEventId":"kvfbmzsq67k60m1","previousOperationId":"jccx6kpnwbphjjd"}
{"type":"log","timestamp":1737402706418,"level":"debug","message":"Skipping storing report.","meta":{"rootId":"g8400jay0h9e42u","id":"dnckzv7125w5onx"},"id":"yjoy6hl4ievdp4d","previousOperationId":"jccx6kpnwbphjjd"}
{"type":"log","timestamp":1737402706418,"level":"info","message":"Rendering (child) request finished in 2391 ms","meta":{"rootId":"g8400jay0h9e42u","id":"dnckzv7125w5onx"},"id":"vc1kp1e3qaa0cuh","previousOperationId":"jccx6kpnwbphjjd"}
{"type":"operationEnd","subtype":"render","operationId":"sccmkjww8316mcs","timestamp":1737402706418,"id":"zvhofuabtvaqr2o","previousEventId":"mng4y2z9k34kukn","previousOperationId":"jccx6kpnwbphjjd"}
{"type":"log","timestamp":1737402707675,"level":"debug","message":"Converting with chrome HeadlessChrome/114.0.5735.90 using chrome-pool strategy","meta":{"rootId":"g8400jay0h9e42u","id":"g8400jay0h9e42u"},"id":"5hl1kbfj41h53h8","previousOperationId":"c6z8blzr3zaxj57"}
{"type":"log","timestamp":1737402708375,"level":"debug","message":"Page request: GET (document) file:///C:/Users/ADMINI~1/AppData/Local/Temp/jsreport/autocleanup/e424b461-6667-4526-ba36-d93226005226-chrome-pdf.html","meta":{"rootId":"g8400jay0h9e42u","id":"g8400jay0h9e42u"},"id":"19w8io2dcgjc9uv","previousOperationId":"c6z8blzr3zaxj57"}
{"type":"log","timestamp":1737402708413,"level":"debug","message":"Page request finished: GET (document) 200 file:///C:/Users/ADMINI~1/AppData/Local/Temp/jsreport/autocleanup/e424b461-6667-4526-ba36-d93226005226-chrome-pdf.html","meta":{"rootId":"g8400jay0h9e42u","id":"g8400jay0h9e42u"},"id":"70pdq6ke2ip3w5v","previousOperationId":"c6z8blzr3zaxj57"}
{"type":"log","timestamp":1737402708413,"level":"debug","message":"Page request: GET (stylesheet) https://fonts.googleapis.com/css2?family=Montserrat:wght@500&family=Open+Sans:wght@300&display=swap","meta":{"rootId":"g8400jay0h9e42u","id":"g8400jay0h9e42u"},"id":"vs5bljwm0000btt","previousOperationId":"c6z8blzr3zaxj57"}
{"type":"log","timestamp":1737402710974,"level":"debug","message":"Page request finished: GET (stylesheet) 200 https://fonts.googleapis.com/css2?family=Montserrat:wght@500&family=Open+Sans:wght@300&display=swap","meta":{"rootId":"g8400jay0h9e42u","id":"g8400jay0h9e42u"},"id":"a7g0k784tpho3gp","previousOperationId":"c6z8blzr3zaxj57"}
{"type":"log","timestamp":1737402711012,"level":"debug","message":"Page request: GET (font) https://fonts.gstatic.com/s/opensans/v40/memSYaGs126MiZpBA-UvWbX2vVnXBbObj2OVZyOOSr4dVJWUgsiH0B4gaVI.woff2","meta":{"rootId":"g8400jay0h9e42u","id":"g8400jay0h9e42u"},"id":"lwkp11x3s4ykhg9","previousOperationId":"c6z8blzr3zaxj57"}
{"type":"log","timestamp":1737402711015,"level":"debug","message":"Page request: GET (font) https://fonts.gstatic.com/s/opensans/v40/memSYaGs126MiZpBA-UvWbX2vVnXBbObj2OVZyOOSr4dVJWUgsiH0B4gaVI.woff2","meta":{"rootId":"g8400jay0h9e42u","id":"g8400jay0h9e42u"},"id":"m0brzrnojfna6fd","previousOperationId":"c6z8blzr3zaxj57"}
{"type":"log","timestamp":1737402711223,"level":"debug","message":"Page request finished: GET (font) 200 https://fonts.gstatic.com/s/opensans/v40/memSYaGs126MiZpBA-UvWbX2vVnXBbObj2OVZyOOSr4dVJWUgsiH0B4gaVI.woff2","meta":{"rootId":"g8400jay0h9e42u","id":"g8400jay0h9e42u"},"id":"2gnq01qly0h0xnq","previousOperationId":"c6z8blzr3zaxj57"}
{"type":"log","timestamp":1737402711256,"level":"debug","message":"Running chrome with params {\"scale\":1,\"displayHeaderFooter\":true,\"headerTemplate\":\"...\",\"footerTemplate\":\"...\",\"printBackground\":true,\"pageRanges\":\"\",\"format\":\"A4\",\"width\":\"\",\"height\":\"\",\"marginTop\":\"350px\",\"marginRight\":\"20px\",\"marginBottom\":\"80px\",\"marginLeft\":\"20px\",\"waitForJS\":false,\"waitForNetworkIddle\":false,\"timeout\":57608,\"waitForNetworkIdle\":false,\"margin\":{\"top\":\"350px\",\"right\":\"20px\",\"bottom\":\"80px\",\"left\":\"20px\"}}","meta":{"rootId":"g8400jay0h9e42u","id":"g8400jay0h9e42u"},"id":"79rzb9z73bwzfqs","previousOperationId":"c6z8blzr3zaxj57"}
{"type":"operationEnd","operationId":"c6z8blzr3zaxj57","timestamp":1737402711863,"id":"c39v3c7cnxky3ed","previousEventId":"ze3xc97838hdhxo","previousOperationId":"c6z8blzr3zaxj57"}
{"type":"log","timestamp":1737402711864,"level":"debug","message":"Skipping storing report.","meta":{"rootId":"g8400jay0h9e42u","id":"g8400jay0h9e42u"},"id":"pwtj75euimp6kas","previousOperationId":"c6z8blzr3zaxj57"}
{"type":"log","timestamp":1737402711864,"level":"info","message":"Rendering request 1 finished in 7837 ms","meta":{"rootId":"g8400jay0h9e42u","id":"g8400jay0h9e42u"},"id":"yw0rlv5pekoeru6","previousOperationId":"c6z8blzr3zaxj57"}
{"type":"operationEnd","subtype":"render","operationId":"zq3gbzad121mba9","timestamp":1737402711864,"id":"i308j6820qy8gtv","previousEventId":"c39v3c7cnxky3ed","previousOperationId":"c6z8blzr3zaxj57"}
{"type":"operationEnd","doDiffs":false,"previousEventId":"j2gx0o0y6gucsi2","previousOperationId":"p8j8p7e4gqels2o","operationId":"p8j8p7e4gqels2o","timestamp":1737402711868,"id":"fq6kkh0f1eme15p"}
